<?xml version="1.0" encoding="UTF-8"?>
<!-- Generated by org.testng.reporters.JUnitReportReporter -->
<testsuite hostname="LAPTOP-33RSLTBH" failures="0" tests="4" name="com.selenium.project.testcases.Login" time="25.159" errors="0" timestamp="2024-12-15T17:06:56 IST" skipped="0">
  <testcase classname="com.selenium.project.testcases.Login" name="loginWithValidCredenetials" time="6.154"/>
  <testcase classname="com.selenium.project.testcases.Login" name="loginWithInValidCredenetials" time="6.059"/>
  <testcase classname="com.selenium.project.testcases.Login" name="loginWithValidUsernameAndInvalidPassword" time="6.329"/>
  <testcase classname="com.selenium.project.testcases.Login" name="loginWithInValidUsernameAndValidPassword" time="6.617"/>
</testsuite> <!-- com.selenium.project.testcases.Login -->
