<?xml version="1.0" encoding="UTF-8"?>
<!-- Generated by org.testng.reporters.JUnitReportReporter -->
<testsuite hostname="LAPTOP-JV4U2OIN" failures="0" tests="1" name="com.selenium.project.base.Base" time="5.878" errors="0" timestamp="2024-12-14T23:51:53 IST" skipped="0">
  <testcase classname="com.selenium.project.base.Base" name="login" time="5.878"/>
</testsuite> <!-- com.selenium.project.base.Base -->
