<?xml version="1.0" encoding="UTF-8"?>
<!-- Generated by org.testng.reporters.JUnitReportReporter -->
<testsuite hostname="LAPTOP-JV4U2OIN" failures="0" tests="1" name="com.selenium.project.testcases.Login" time="4.271" errors="0" timestamp="2024-12-15T00:10:32 IST" skipped="0">
  <testcase classname="com.selenium.project.testcases.Login" name="loginWithValidCredenetials" time="4.271"/>
</testsuite> <!-- com.selenium.project.testcases.Login -->
