<?xml version="1.0" encoding="UTF-8"?>
<!-- Generated by org.testng.reporters.JUnitReportReporter -->
<testsuite hostname="LAPTOP-33RSLTBH" failures="0" tests="9" name="com.selenium.project.testcases.Login" time="53.993" errors="0" timestamp="2024-12-15T18:45:03 IST" skipped="0">
  <testcase classname="com.selenium.project.testcases.Login" name="loginWithDataDriven" time="6.309"/>
  <testcase classname="com.selenium.project.testcases.Login" name="loginWithoutProvidingUsername" time="5.960"/>
  <testcase classname="com.selenium.project.testcases.Login" name="loginWithInValidCredenetials" time="6.562"/>
  <testcase classname="com.selenium.project.testcases.Login" name="loginWithInValidUsernameAndValidPassword" time="6.414"/>
  <testcase classname="com.selenium.project.testcases.Login" name="loginWithoutProvidingCredentials" time="4.912"/>
  <testcase classname="com.selenium.project.testcases.Login" name="loginWithDataDriven" time="6.184"/>
  <testcase classname="com.selenium.project.testcases.Login" name="loginWithValidUsernameAndInvalidPassword" time="6.209"/>
  <testcase classname="com.selenium.project.testcases.Login" name="loginWithValidCredenetials" time="6.313"/>
  <testcase classname="com.selenium.project.testcases.Login" name="loginWithoutProvidingPassword" time="5.130"/>
</testsuite> <!-- com.selenium.project.testcases.Login -->
